<?xml version="1.0" encoding="UTF-8"?>
<testsuite name="org.springframework.samples.petclinic.vet.VetTests" tests="1" skipped="0" failures="0" errors="0" timestamp="2019-10-16T18:40:56" hostname="DESKTOP-ML9N778" time="0.002">
  <properties/>
  <testcase name="testSerialization" classname="org.springframework.samples.petclinic.vet.VetTests" time="0.002"/>
  <system-out><![CDATA[]]></system-out>
  <system-err><![CDATA[]]></system-err>
</testsuite>
